TN:
SF:src/mod-clase.ts
FN:22,(anonymous_0)
FN:33,(anonymous_1)
FN:45,(anonymous_2)
FN:70,(anonymous_3)
FN:92,(anonymous_4)
FN:99,(anonymous_5)
FNF:6
FNH:6
FNDA:1,(anonymous_0)
FNDA:2,(anonymous_1)
FNDA:1,(anonymous_2)
FNDA:1,(anonymous_3)
FNDA:1,(anonymous_4)
FNDA:1,(anonymous_5)
DA:9,1
DA:23,1
DA:24,1
DA:25,1
DA:34,2
DA:35,1
DA:37,2
DA:46,1
DA:47,1
DA:48,1
DA:49,1
DA:50,11
DA:51,45
DA:52,8
DA:55,11
DA:56,6
DA:57,6
DA:59,11
DA:60,11
DA:62,1
DA:71,1
DA:72,1
DA:73,17
DA:74,153
DA:75,23
DA:78,17
DA:79,7
DA:81,17
DA:84,1
DA:93,1
DA:100,1
LF:31
LH:31
BRDA:34,0,0,1
BRDA:34,0,1,1
BRDA:51,1,0,8
BRDA:51,1,1,37
BRDA:55,2,0,6
BRDA:55,2,1,5
BRDA:55,3,0,11
BRDA:55,3,1,5
BRDA:74,4,0,23
BRDA:74,4,1,130
BRDA:78,5,0,7
BRDA:78,5,1,10
BRDA:78,6,0,17
BRDA:78,6,1,10
BRF:14
BRH:14
end_of_record
